<?xml version="1.0" encoding="UTF-8"?>
<testsuite xmlns:xsi="http://www.w3.org/2001/XMLSchema-instance" xsi:noNamespaceSchemaLocation="https://maven.apache.org/surefire/maven-surefire-plugin/xsd/surefire-test-report-3.0.xsd" version="3.0" name="Tests" time="0.195" tests="15" errors="0" skipped="0" failures="0">
  <properties>
    <property name="java.specification.version" value="19"/>
    <property name="sun.cpu.isalist" value="amd64"/>
    <property name="sun.jnu.encoding" value="Cp1250"/>
    <property name="java.class.path" value="C:\Users\mierzvoj.OTAGO1\OneDrive\TAU\TDD-6-java\TDD-6\target\test-classes;C:\Users\mierzvoj.OTAGO1\OneDrive\TAU\TDD-6-java\TDD-6\target\classes;C:\Users\mierzvoj.OTAGO1\.m2\repository\org\junit\jupiter\junit-jupiter\5.8.2\junit-jupiter-5.8.2.jar;C:\Users\mierzvoj.OTAGO1\.m2\repository\org\junit\jupiter\junit-jupiter-api\5.8.2\junit-jupiter-api-5.8.2.jar;C:\Users\mierzvoj.OTAGO1\.m2\repository\org\opentest4j\opentest4j\1.2.0\opentest4j-1.2.0.jar;C:\Users\mierzvoj.OTAGO1\.m2\repository\org\junit\platform\junit-platform-commons\1.8.2\junit-platform-commons-1.8.2.jar;C:\Users\mierzvoj.OTAGO1\.m2\repository\org\apiguardian\apiguardian-api\1.1.2\apiguardian-api-1.1.2.jar;C:\Users\mierzvoj.OTAGO1\.m2\repository\org\junit\jupiter\junit-jupiter-params\5.8.2\junit-jupiter-params-5.8.2.jar;C:\Users\mierzvoj.OTAGO1\.m2\repository\org\junit\jupiter\junit-jupiter-engine\5.8.2\junit-jupiter-engine-5.8.2.jar;C:\Users\mierzvoj.OTAGO1\.m2\repository\org\junit\platform\junit-platform-engine\1.8.2\junit-platform-engine-1.8.2.jar;"/>
    <property name="java.vm.vendor" value="Oracle Corporation"/>
    <property name="sun.arch.data.model" value="64"/>
    <property name="user.variant" value=""/>
    <property name="java.vendor.url" value="https://java.oracle.com/"/>
    <property name="user.timezone" value="Europe/Warsaw"/>
    <property name="os.name" value="Windows 10"/>
    <property name="java.vm.specification.version" value="19"/>
    <property name="sun.java.launcher" value="SUN_STANDARD"/>
    <property name="user.country" value="PL"/>
    <property name="sun.boot.library.path" value="C:\Program Files\Java\jdk-19\bin"/>
    <property name="sun.java.command" value="C:\Users\mierzvoj.OTAGO1\AppData\Local\Temp\surefire16436737276394413365\surefirebooter17103931436926861723.jar C:\Users\mierzvoj.OTAGO1\AppData\Local\Temp\surefire16436737276394413365 2022-12-09T18-53-58_032-jvmRun1 surefire11982488937723823813tmp surefire_04116493714103169538tmp"/>
    <property name="jdk.debug" value="release"/>
    <property name="surefire.test.class.path" value="C:\Users\mierzvoj.OTAGO1\OneDrive\TAU\TDD-6-java\TDD-6\target\test-classes;C:\Users\mierzvoj.OTAGO1\OneDrive\TAU\TDD-6-java\TDD-6\target\classes;C:\Users\mierzvoj.OTAGO1\.m2\repository\org\junit\jupiter\junit-jupiter\5.8.2\junit-jupiter-5.8.2.jar;C:\Users\mierzvoj.OTAGO1\.m2\repository\org\junit\jupiter\junit-jupiter-api\5.8.2\junit-jupiter-api-5.8.2.jar;C:\Users\mierzvoj.OTAGO1\.m2\repository\org\opentest4j\opentest4j\1.2.0\opentest4j-1.2.0.jar;C:\Users\mierzvoj.OTAGO1\.m2\repository\org\junit\platform\junit-platform-commons\1.8.2\junit-platform-commons-1.8.2.jar;C:\Users\mierzvoj.OTAGO1\.m2\repository\org\apiguardian\apiguardian-api\1.1.2\apiguardian-api-1.1.2.jar;C:\Users\mierzvoj.OTAGO1\.m2\repository\org\junit\jupiter\junit-jupiter-params\5.8.2\junit-jupiter-params-5.8.2.jar;C:\Users\mierzvoj.OTAGO1\.m2\repository\org\junit\jupiter\junit-jupiter-engine\5.8.2\junit-jupiter-engine-5.8.2.jar;C:\Users\mierzvoj.OTAGO1\.m2\repository\org\junit\platform\junit-platform-engine\1.8.2\junit-platform-engine-1.8.2.jar;"/>
    <property name="sun.cpu.endian" value="little"/>
    <property name="user.home" value="C:\Users\mierzvoj.OTAGO1"/>
    <property name="user.language" value="pl"/>
    <property name="java.specification.vendor" value="Oracle Corporation"/>
    <property name="java.version.date" value="2022-09-20"/>
    <property name="java.home" value="C:\Program Files\Java\jdk-19"/>
    <property name="file.separator" value="\"/>
    <property name="basedir" value="C:\Users\mierzvoj.OTAGO1\OneDrive\TAU\TDD-6-java\TDD-6"/>
    <property name="java.vm.compressedOopsMode" value="Zero based"/>
    <property name="line.separator" value="&#10;"/>
    <property name="java.vm.specification.vendor" value="Oracle Corporation"/>
    <property name="java.specification.name" value="Java Platform API Specification"/>
    <property name="surefire.real.class.path" value="C:\Users\mierzvoj.OTAGO1\AppData\Local\Temp\surefire16436737276394413365\surefirebooter17103931436926861723.jar"/>
    <property name="user.script" value=""/>
    <property name="sun.management.compiler" value="HotSpot 64-Bit Tiered Compilers"/>
    <property name="java.runtime.version" value="19+36-2238"/>
    <property name="user.name" value="mierzvoj"/>
    <property name="stdout.encoding" value="Cp1250"/>
    <property name="path.separator" value=";"/>
    <property name="os.version" value="10.0"/>
    <property name="java.runtime.name" value="Java(TM) SE Runtime Environment"/>
    <property name="file.encoding" value="UTF-8"/>
    <property name="java.vm.name" value="Java HotSpot(TM) 64-Bit Server VM"/>
    <property name="localRepository" value="C:\Users\mierzvoj.OTAGO1\.m2\repository"/>
    <property name="java.vendor.url.bug" value="https://bugreport.java.com/bugreport/"/>
    <property name="java.io.tmpdir" value="C:\Users\MIERZV~1.OTA\AppData\Local\Temp\"/>
    <property name="java.version" value="19"/>
    <property name="user.dir" value="C:\Users\mierzvoj.OTAGO1\OneDrive\TAU\TDD-6-java\TDD-6"/>
    <property name="os.arch" value="amd64"/>
    <property name="java.vm.specification.name" value="Java Virtual Machine Specification"/>
    <property name="sun.os.patch.level" value=""/>
    <property name="native.encoding" value="Cp1250"/>
    <property name="java.library.path" value="C:\Program Files\Java\jdk-19\bin;C:\Windows\Sun\Java\bin;C:\Windows\system32;C:\Windows;C:\Program Files\Common Files\Oracle\Java\javapath;C:\Windows\system32;C:\Windows;C:\Windows\System32\Wbem;C:\Windows\System32\WindowsPowerShell\v1.0\;C:\Windows\System32\OpenSSH\;C:\Program Files\Git\cmd;C:\Program Files\nodejs\;C:\Program Files\Java\jdk-19\bin;C:\Program Files\apache-maven-3.8.6\bin;C:\Program Files\PuTTY\;C:\Program Files\PowerShell\7\;C:\Program Files\Microsoft SQL Server\Client SDK\ODBC\170\Tools\Binn\;C:\Program Files\Microsoft SQL Server\150\Tools\Binn\;C:\Program Files\dotnet\;C:\Program Files\Microsoft SQL Server\120\Tools\Binn\;C:\Program Files\Common Files\Autodesk Shared\;C:\Users\mierzvoj.OTAGO1\AppData\Local\Programs\Python\Python310\Scripts\;C:\Users\mierzvoj.OTAGO1\AppData\Local\Programs\Python\Python310\;C:\Users\mierzvoj.OTAGO1\AppData\Local\Microsoft\WindowsApps;C:\Users\mierzvoj.OTAGO1\AppData\Local\Programs\Microsoft VS Code\bin;C:\Users\mierzvoj.OTAGO1\AppData\Roaming\npm;C:\Users\mierzvoj.OTAGO1\AppData\Local\GitHubDesktop\bin;."/>
    <property name="java.vm.info" value="mixed mode, sharing"/>
    <property name="stderr.encoding" value="Cp1250"/>
    <property name="java.vendor" value="Oracle Corporation"/>
    <property name="java.vm.version" value="19+36-2238"/>
    <property name="sun.io.unicode.encoding" value="UnicodeLittle"/>
    <property name="java.class.version" value="63.0"/>
  </properties>
  <testcase name="given_2_test_II" classname="Tests" time="0.112"/>
  <testcase name="given_9_test_IX" classname="Tests" time="0.002"/>
  <testcase name="given_500_test_D" classname="Tests" time="0.001"/>
  <testcase name="given_10_test_X" classname="Tests" time="0.002"/>
  <testcase name="given_4_test_IV" classname="Tests" time="0.002"/>
  <testcase name="given_90_test_XC" classname="Tests" time="0.001"/>
  <testcase name="given_3_test_III" classname="Tests" time="0.001"/>
  <testcase name="given_900_test_CM" classname="Tests" time="0.001"/>
  <testcase name="given_100_test_C" classname="Tests" time="0.001"/>
  <testcase name="given_1000_test_M" classname="Tests" time="0.002"/>
  <testcase name="given_400_test_CD" classname="Tests" time="0.002"/>
  <testcase name="given_5_test_V" classname="Tests" time="0.002"/>
  <testcase name="given_50_test_L" classname="Tests" time="0.001"/>
  <testcase name="given_40_test_XL" classname="Tests" time="0.001"/>
  <testcase name="given_1_test_I" classname="Tests" time="0.002"/>
</testsuite>